Started GET "/" for ::1 at 2022-12-26 11:18:12 +0900
  [1m[35m (0.9ms)[0m  [1m[34mSELECT `schema_migrations`.`version` FROM `schema_migrations` ORDER BY `schema_migrations`.`version` ASC[0m
Processing by Rails::WelcomeController#index as HTML
  Rendering /Users/ki99/.rvm/gems/ruby-2.6.3/gems/railties-6.1.7/lib/rails/templates/rails/welcome/index.html.erb
  Rendered /Users/ki99/.rvm/gems/ruby-2.6.3/gems/railties-6.1.7/lib/rails/templates/rails/welcome/index.html.erb (Duration: 7.1ms | Allocations: 515)
Completed 200 OK in 32ms (Views: 13.4ms | ActiveRecord: 0.0ms | Allocations: 4254)


Started GET "/musics" for ::1 at 2022-12-26 11:18:16 +0900
  
ActionController::RoutingError (No route matches [GET] "/musics"):
  
Started GET "/musics" for ::1 at 2022-12-26 11:18:16 +0900
  
ActionController::RoutingError (No route matches [GET] "/musics"):
  
Started GET "/musics/api" for ::1 at 2022-12-26 11:18:46 +0900
  
ActionController::RoutingError (No route matches [GET] "/musics/api"):
  
Started GET "/musics/api/musics" for ::1 at 2022-12-26 11:18:50 +0900
  
ActionController::RoutingError (No route matches [GET] "/musics/api/musics"):
  
Started GET "/api/musics" for ::1 at 2022-12-26 11:18:55 +0900
  
ActionController::RoutingError (No route matches [GET] "/api/musics"):
  
  [1m[35m (1.2ms)[0m  [1m[35mCREATE DATABASE `Ringle_Music_MVC_development` DEFAULT CHARACTER SET `utf8mb4`[0m
  [1m[35m (1.0ms)[0m  [1m[35mCREATE DATABASE `Ringle_Music_MVC_test` DEFAULT CHARACTER SET `utf8mb4`[0m
  [1m[35m (7.2ms)[0m  [1m[35mCREATE TABLE `schema_migrations` (`version` varchar(255) NOT NULL PRIMARY KEY)[0m
  [1m[35m (5.2ms)[0m  [1m[35mCREATE TABLE `ar_internal_metadata` (`key` varchar(255) NOT NULL PRIMARY KEY, `value` varchar(255), `created_at` datetime(6) NOT NULL, `updated_at` datetime(6) NOT NULL)[0m
  [1m[35m (0.1ms)[0m  [1m[34mSELECT GET_LOCK('5598229979724243750', 0)[0m
  [1m[35m (0.4ms)[0m  [1m[34mSELECT `schema_migrations`.`version` FROM `schema_migrations` ORDER BY `schema_migrations`.`version` ASC[0m
Migrating to CreateUsers (20221226022140)
  [1m[35m (9.3ms)[0m  [1m[35mCREATE TABLE `users` (`id` bigint NOT NULL AUTO_INCREMENT PRIMARY KEY, `user_name` varchar(255), `created_at` datetime(6) NOT NULL, `updated_at` datetime(6) NOT NULL)[0m
  [1m[36mTRANSACTION (0.2ms)[0m  [1m[35mBEGIN[0m
  [1m[36mActiveRecord::SchemaMigration Create (0.3ms)[0m  [1m[32mINSERT INTO `schema_migrations` (`version`) VALUES ('20221226022140')[0m
  [1m[36mTRANSACTION (0.6ms)[0m  [1m[35mCOMMIT[0m
  [1m[36mActiveRecord::InternalMetadata Load (0.6ms)[0m  [1m[34mSELECT `ar_internal_metadata`.* FROM `ar_internal_metadata` WHERE `ar_internal_metadata`.`key` = 'environment' LIMIT 1[0m
  [1m[36mTRANSACTION (0.1ms)[0m  [1m[35mBEGIN[0m
  [1m[36mActiveRecord::InternalMetadata Create (0.2ms)[0m  [1m[32mINSERT INTO `ar_internal_metadata` (`key`, `value`, `created_at`, `updated_at`) VALUES ('environment', 'development', '2022-12-26 02:21:54.371987', '2022-12-26 02:21:54.371987')[0m
  [1m[36mTRANSACTION (0.7ms)[0m  [1m[35mCOMMIT[0m
  [1m[35m (0.2ms)[0m  [1m[34mSELECT RELEASE_LOCK('5598229979724243750')[0m
  [1m[35m (0.2ms)[0m  [1m[34mSELECT `schema_migrations`.`version` FROM `schema_migrations` ORDER BY `schema_migrations`.`version` ASC[0m
Started GET "/api/users" for ::1 at 2022-12-26 11:24:34 +0900
  [1m[35m (0.5ms)[0m  [1m[34mSELECT `schema_migrations`.`version` FROM `schema_migrations` ORDER BY `schema_migrations`.`version` ASC[0m
  
ActionController::RoutingError (No route matches [GET] "/api/users"):
  
Started GET "/api/" for ::1 at 2022-12-26 11:24:53 +0900
  
ActionController::RoutingError (No route matches [GET] "/api"):
  
Started GET "/api/get_users" for ::1 at 2022-12-26 11:25:01 +0900
  
ActionController::RoutingError (No route matches [GET] "/api/get_users"):
  
Started GET "/api/get_user" for ::1 at 2022-12-26 11:25:03 +0900
  
ActionController::RoutingError (No route matches [GET] "/api/get_user"):
  
Started GET "/api/v1/users" for ::1 at 2022-12-26 11:25:39 +0900
  [1m[36mUser Load (0.8ms)[0m  [1m[34mSELECT `users`.* FROM `users`[0m
  [1m[36mTRANSACTION (0.2ms)[0m  [1m[35mBEGIN[0m
  [1m[36mUser Create (0.3ms)[0m  [1m[32mINSERT INTO `users` (`user_name`, `created_at`, `updated_at`) VALUES ('kitaeheon', '2022-12-26 02:26:22.340109', '2022-12-26 02:26:22.340109')[0m
  [1m[36mTRANSACTION (1.2ms)[0m  [1m[35mCOMMIT[0m
Started GET "/api/v1/users" for ::1 at 2022-12-26 11:26:25 +0900
  [1m[36mUser Load (0.9ms)[0m  [1m[34mSELECT `users`.* FROM `users`[0m
  [1m[36mTRANSACTION (0.4ms)[0m  [1m[35mBEGIN[0m
  [1m[36mUser Create (0.7ms)[0m  [1m[32mINSERT INTO `users` (`user_name`, `created_at`, `updated_at`) VALUES ('jungjiyoung', '2022-12-26 02:26:38.169835', '2022-12-26 02:26:38.169835')[0m
  [1m[36mTRANSACTION (1.3ms)[0m  [1m[35mCOMMIT[0m
Started GET "/api/v1/users" for ::1 at 2022-12-26 11:26:41 +0900
  [1m[36mUser Load (0.9ms)[0m  [1m[34mSELECT `users`.* FROM `users`[0m
  [1m[36mTRANSACTION (0.3ms)[0m  [1m[35mBEGIN[0m
  [1m[36mUser Create (0.4ms)[0m  [1m[32mINSERT INTO `users` (`user_name`, `created_at`, `updated_at`) VALUES ('hanjaejun', '2022-12-26 02:26:55.761214', '2022-12-26 02:26:55.761214')[0m
  [1m[36mTRANSACTION (1.3ms)[0m  [1m[35mCOMMIT[0m
Started GET "/api/v1/users" for ::1 at 2022-12-26 11:26:56 +0900
  [1m[36mUser Load (1.3ms)[0m  [1m[34mSELECT `users`.* FROM `users`[0m
Started GET "/api/v1/musics" for ::1 at 2022-12-26 11:27:31 +0900
  
NameError (uninitialized constant RingleMusic::V1::Musics::Music):
  
app/api/ringle_music/v1/musics.rb:11:in `block (2 levels) in <class:Musics>'
